#
# There is insufficient memory for the Java Runtime Environment to continue.
# Native memory allocation (malloc) failed to allocate 1731872 bytes for Chunk::new
# Possible reasons:
#   The system is out of physical RAM or swap space
#   In 32 bit mode, the process size limit was hit
# Possible solutions:
#   Reduce memory load on the system
#   Increase physical memory or swap space
#   Check if swap backing store is full
#   Use 64 bit Java on a 64 bit OS
#   Decrease Java heap size (-Xmx/-Xms)
#   Decrease number of Java threads
#   Decrease Java thread stack sizes (-Xss)
#   Set larger code cache with -XX:ReservedCodeCacheSize=
# This output file may be truncated or incomplete.
#
#  Out of Memory Error (allocation.cpp:390), pid=1990388, tid=0x00000000001e5f18
#
# JRE version: Java(TM) SE Runtime Environment (8.0_111-b14) (build 1.8.0_111-b14)
# Java VM: Java HotSpot(TM) 64-Bit Server VM (25.111-b14 mixed mode windows-amd64 compressed oops)
# Failed to write core dump. Minidumps are not enabled by default on client versions of Windows
#

---------------  T H R E A D  ---------------

Current thread (0x000000001966d800):  JavaThread "C2 CompilerThread1" daemon [_thread_in_native, id=1990424, stack(0x0000000019e30000,0x0000000019f30000)]

Stack: [0x0000000019e30000,0x0000000019f30000]
[error occurred during error reporting (printing stack bounds), id 0xc0000005]

Native frames: (J=compiled Java code, j=interpreted, Vv=VM code, C=native code)


Current CompileTask:
C2:   2867 3349   !   4       java.net.URLClassLoader$1::run (63 bytes)


---------------  P R O C E S S  ---------------

Java Threads: ( => current thread )
  0x00000000196e1000 JavaThread "Service Thread" daemon [_thread_blocked, id=1990440, stack(0x000000001a130000,0x000000001a230000)]
  0x000000001774e000 JavaThread "C1 CompilerThread3" daemon [_thread_blocked, id=1990492, stack(0x000000001a030000,0x000000001a130000)]
  0x0000000019671800 JavaThread "C2 CompilerThread2" daemon [_thread_blocked, id=1990416, stack(0x0000000019f30000,0x000000001a030000)]
=>0x000000001966d800 JavaThread "C2 CompilerThread1" daemon [_thread_in_native, id=1990424, stack(0x0000000019e30000,0x0000000019f30000)]
  0x000000001966b800 JavaThread "C2 CompilerThread0" daemon [_thread_in_native, id=1990436, stack(0x0000000019d30000,0x0000000019e30000)]
  0x0000000019669800 JavaThread "Attach Listener" daemon [_thread_blocked, id=1990432, stack(0x0000000019c30000,0x0000000019d30000)]
  0x0000000019669000 JavaThread "Signal Dispatcher" daemon [_thread_blocked, id=1990508, stack(0x0000000019b30000,0x0000000019c30000)]
  0x000000000276e800 JavaThread "Finalizer" daemon [_thread_blocked, id=1990500, stack(0x0000000019a30000,0x0000000019b30000)]
  0x0000000002767000 JavaThread "Reference Handler" daemon [_thread_blocked, id=1990504, stack(0x0000000019530000,0x0000000019630000)]
  0x000000000212d800 JavaThread "main" [_thread_in_native, id=1990480, stack(0x0000000002570000,0x0000000002670000)]

Other Threads:
  0x000000001773b000 VMThread [stack: 0x0000000019430000,0x0000000019530000] [id=1990552]
  0x00000000197b7800 WatcherThread [stack: 0x000000001a230000,0x000000001a330000] [id=1990420]

VM state:not at safepoint (normal execution)

VM Mutex/Monitor currently owned by a thread: None

Heap:
 PSYoungGen      total 138240K, used 15708K [0x00000000d5b80000, 0x00000000de780000, 0x0000000100000000)
  eden space 133120K, 7% used [0x00000000d5b80000,0x00000000d65d90c8,0x00000000ddd80000)
  from space 5120K, 99% used [0x00000000de280000,0x00000000de77e030,0x00000000de780000)
  to   space 5120K, 0% used [0x00000000ddd80000,0x00000000ddd80000,0x00000000de280000)
 ParOldGen       total 87552K, used 12625K [0x0000000081200000, 0x0000000086780000, 0x00000000d5b80000)
  object space 87552K, 14% used [0x0000000081200000,0x0000000081e54788,0x0000000086780000)
 Metaspace       used 18917K, capacity 19524K, committed 19712K, reserved 1067008K
  class space    used 2258K, capacity 2435K, committed 2560K, reserved 1048576K

Card table byte_map: [0x0000000011b30000,0x0000000011f30000] byte_map_base: 0x0000000011727000

Marking Bits: (ParMarkBitMap*) 0x0000000074ada6c0
 Begin Bits: [0x00000000129e0000, 0x0000000014998000)
 End Bits:   [0x0000000014998000, 0x0000000016950000)

Polling page: 0x0000000000510000

CodeCache: size=245760Kb used=12485Kb max_used=12498Kb free=233274Kb
 bounds [0x0000000002770000, 0x00000000033c0000, 0x0000000011770000]
 total_blobs=3776 nmethods=3398 adapters=289
 compilation: disabled (not enough contiguous free space left)

Compilation events (10 events):
Event: 2.782 Thread 0x000000001774e000 3398   !   3       org.codehaus.plexus.interpolation.reflection.ClassMap::findMethod (107 bytes)
Event: 2.783 Thread 0x000000001774e000 nmethod 3398 0x00000000033a8450 code [0x00000000033a8620, 0x00000000033a8d78]
Event: 2.783 Thread 0x000000001774e000 3399       3       org.codehaus.plexus.interpolation.reflection.ClassMap::makeMethodKey (59 bytes)
Event: 2.784 Thread 0x000000001774e000 nmethod 3399 0x00000000033ab490 code [0x00000000033ab680, 0x00000000033ac318]
Event: 2.809 Thread 0x000000001774e000 3400       3       java.util.regex.Pattern::RemoveQEQuoting (346 bytes)
Event: 2.810 Thread 0x000000001774e000 nmethod 3400 0x00000000033ac7d0 code [0x00000000033aca20, 0x00000000033adb18]
Event: 2.838 Thread 0x0000000019671800 3401       4       java.io.WinNTFileSystem::parentOrNull (171 bytes)
Event: 2.843 Thread 0x000000001774e000 3402       3       java.util.regex.Pattern::group0 (994 bytes)
Event: 2.848 Thread 0x0000000019671800 

Event: 2.848 Thread 0x000000001774e000 


GC Heap History (8 events):
Event: 0.453 GC heap before
{Heap before GC invocations=1 (full 0):
 PSYoungGen      total 38400K, used 33280K [0x00000000d5b80000, 0x00000000d8600000, 0x0000000100000000)
  eden space 33280K, 100% used [0x00000000d5b80000,0x00000000d7c00000,0x00000000d7c00000)
  from space 5120K, 0% used [0x00000000d8100000,0x00000000d8100000,0x00000000d8600000)
  to   space 5120K, 0% used [0x00000000d7c00000,0x00000000d7c00000,0x00000000d8100000)
 ParOldGen       total 87552K, used 0K [0x0000000081200000, 0x0000000086780000, 0x00000000d5b80000)
  object space 87552K, 0% used [0x0000000081200000,0x0000000081200000,0x0000000086780000)
 Metaspace       used 8027K, capacity 8252K, committed 8576K, reserved 1056768K
  class space    used 1004K, capacity 1052K, committed 1152K, reserved 1048576K
Event: 0.459 GC heap after
Heap after GC invocations=1 (full 0):
 PSYoungGen      total 38400K, used 5090K [0x00000000d5b80000, 0x00000000da680000, 0x0000000100000000)
  eden space 33280K, 0% used [0x00000000d5b80000,0x00000000d5b80000,0x00000000d7c00000)
  from space 5120K, 99% used [0x00000000d7c00000,0x00000000d80f8818,0x00000000d8100000)
  to   space 5120K, 0% used [0x00000000da180000,0x00000000da180000,0x00000000da680000)
 ParOldGen       total 87552K, used 35K [0x0000000081200000, 0x0000000086780000, 0x00000000d5b80000)
  object space 87552K, 0% used [0x0000000081200000,0x0000000081208c50,0x0000000086780000)
 Metaspace       used 8027K, capacity 8252K, committed 8576K, reserved 1056768K
  class space    used 1004K, capacity 1052K, committed 1152K, reserved 1048576K
}
Event: 0.829 GC heap before
{Heap before GC invocations=2 (full 0):
 PSYoungGen      total 38400K, used 38370K [0x00000000d5b80000, 0x00000000da680000, 0x0000000100000000)
  eden space 33280K, 100% used [0x00000000d5b80000,0x00000000d7c00000,0x00000000d7c00000)
  from space 5120K, 99% used [0x00000000d7c00000,0x00000000d80f8818,0x00000000d8100000)
  to   space 5120K, 0% used [0x00000000da180000,0x00000000da180000,0x00000000da680000)
 ParOldGen       total 87552K, used 35K [0x0000000081200000, 0x0000000086780000, 0x00000000d5b80000)
  object space 87552K, 0% used [0x0000000081200000,0x0000000081208c50,0x0000000086780000)
 Metaspace       used 12096K, capacity 12302K, committed 12416K, reserved 1060864K
  class space    used 1534K, capacity 1609K, committed 1664K, reserved 1048576K
Event: 0.835 GC heap after
Heap after GC invocations=2 (full 0):
 PSYoungGen      total 71680K, used 5107K [0x00000000d5b80000, 0x00000000da680000, 0x0000000100000000)
  eden space 66560K, 0% used [0x00000000d5b80000,0x00000000d5b80000,0x00000000d9c80000)
  from space 5120K, 99% used [0x00000000da180000,0x00000000da67ce88,0x00000000da680000)
  to   space 5120K, 0% used [0x00000000d9c80000,0x00000000d9c80000,0x00000000da180000)
 ParOldGen       total 87552K, used 2749K [0x0000000081200000, 0x0000000086780000, 0x00000000d5b80000)
  object space 87552K, 3% used [0x0000000081200000,0x00000000814af710,0x0000000086780000)
 Metaspace       used 12096K, capacity 12302K, committed 12416K, reserved 1060864K
  class space    used 1534K, capacity 1609K, committed 1664K, reserved 1048576K
}
Event: 1.637 GC heap before
{Heap before GC invocations=3 (full 0):
 PSYoungGen      total 71680K, used 71667K [0x00000000d5b80000, 0x00000000da680000, 0x0000000100000000)
  eden space 66560K, 100% used [0x00000000d5b80000,0x00000000d9c80000,0x00000000d9c80000)
  from space 5120K, 99% used [0x00000000da180000,0x00000000da67ce88,0x00000000da680000)
  to   space 5120K, 0% used [0x00000000d9c80000,0x00000000d9c80000,0x00000000da180000)
 ParOldGen       total 87552K, used 2749K [0x0000000081200000, 0x0000000086780000, 0x00000000d5b80000)
  object space 87552K, 3% used [0x0000000081200000,0x00000000814af710,0x0000000086780000)
 Metaspace       used 15342K, capacity 15584K, committed 15744K, reserved 1062912K
  class space    used 1839K, capacity 1916K, committed 1920K, reserved 1048576K
Event: 1.646 GC heap after
Heap after GC invocations=3 (full 0):
 PSYoungGen      total 71680K, used 5112K [0x00000000d5b80000, 0x00000000de780000, 0x0000000100000000)
  eden space 66560K, 0% used [0x00000000d5b80000,0x00000000d5b80000,0x00000000d9c80000)
  from space 5120K, 99% used [0x00000000d9c80000,0x00000000da17e030,0x00000000da180000)
  to   space 5120K, 0% used [0x00000000de280000,0x00000000de280000,0x00000000de780000)
 ParOldGen       total 87552K, used 7472K [0x0000000081200000, 0x0000000086780000, 0x00000000d5b80000)
  object space 87552K, 8% used [0x0000000081200000,0x000000008194c2b0,0x0000000086780000)
 Metaspace       used 15342K, capacity 15584K, committed 15744K, reserved 1062912K
  class space    used 1839K, capacity 1916K, committed 1920K, reserved 1048576K
}
Event: 2.361 GC heap before
{Heap before GC invocations=4 (full 0):
 PSYoungGen      total 71680K, used 71672K [0x00000000d5b80000, 0x00000000de780000, 0x0000000100000000)
  eden space 66560K, 100% used [0x00000000d5b80000,0x00000000d9c80000,0x00000000d9c80000)
  from space 5120K, 99% used [0x00000000d9c80000,0x00000000da17e030,0x00000000da180000)
  to   space 5120K, 0% used [0x00000000de280000,0x00000000de280000,0x00000000de780000)
 ParOldGen       total 87552K, used 7472K [0x0000000081200000, 0x0000000086780000, 0x00000000d5b80000)
  object space 87552K, 8% used [0x0000000081200000,0x000000008194c2b0,0x0000000086780000)
 Metaspace       used 17846K, capacity 18380K, committed 18432K, reserved 1064960K
  class space    used 2115K, capacity 2271K, committed 2304K, reserved 1048576K
Event: 2.369 GC heap after
Heap after GC invocations=4 (full 0):
 PSYoungGen      total 138240K, used 5112K [0x00000000d5b80000, 0x00000000de780000, 0x0000000100000000)
  eden space 133120K, 0% used [0x00000000d5b80000,0x00000000d5b80000,0x00000000ddd80000)
  from space 5120K, 99% used [0x00000000de280000,0x00000000de77e030,0x00000000de780000)
  to   space 5120K, 0% used [0x00000000ddd80000,0x00000000ddd80000,0x00000000de280000)
 ParOldGen       total 87552K, used 12625K [0x0000000081200000, 0x0000000086780000, 0x00000000d5b80000)
  object space 87552K, 14% used [0x0000000081200000,0x0000000081e54788,0x0000000086780000)
 Metaspace       used 17846K, capacity 18380K, committed 18432K, reserved 1064960K
  class space    used 2115K, capacity 2271K, committed 2304K, reserved 1048576K
}

Deoptimization events (10 events):
Event: 1.740 Thread 0x000000000212d800 Uncommon trap: reason=bimorphic action=maybe_recompile pc=0x0000000002d04da4 method=java.util.regex.Pattern$CharProperty.match(Ljava/util/regex/Matcher;ILjava/lang/CharSequence;)Z @ 37
Event: 1.745 Thread 0x000000000212d800 Uncommon trap: reason=unstable_if action=reinterpret pc=0x0000000002fdc084 method=java.util.IdentityHashMap.put(Ljava/lang/Object;Ljava/lang/Object;)Ljava/lang/Object; @ 90
Event: 2.014 Thread 0x000000000212d800 Uncommon trap: reason=bimorphic action=maybe_recompile pc=0x0000000002d04da4 method=java.util.regex.Pattern$CharProperty.match(Ljava/util/regex/Matcher;ILjava/lang/CharSequence;)Z @ 37
Event: 2.017 Thread 0x000000000212d800 Uncommon trap: reason=unstable_if action=reinterpret pc=0x0000000003110ad8 method=com.google.inject.internal.InjectorImpl.callInContext(Lcom/google/inject/internal/ContextualCallable;)Ljava/lang/Object; @ 161
Event: 2.018 Thread 0x000000000212d800 Uncommon trap: reason=unstable_if action=reinterpret pc=0x0000000003125384 method=com.google.inject.internal.InjectorImpl.callInContext(Lcom/google/inject/internal/ContextualCallable;)Ljava/lang/Object; @ 161
Event: 2.081 Thread 0x000000000212d800 Uncommon trap: reason=unstable_if action=reinterpret pc=0x0000000002ebda00 method=java.nio.charset.CharsetDecoder.decode(Ljava/nio/ByteBuffer;Ljava/nio/CharBuffer;Z)Ljava/nio/charset/CoderResult; @ 1
Event: 2.214 Thread 0x000000000212d800 Uncommon trap: reason=bimorphic action=maybe_recompile pc=0x0000000002d04da4 method=java.util.regex.Pattern$CharProperty.match(Ljava/util/regex/Matcher;ILjava/lang/CharSequence;)Z @ 37
Event: 2.350 Thread 0x000000000212d800 Uncommon trap: reason=bimorphic action=maybe_recompile pc=0x0000000002d04da4 method=java.util.regex.Pattern$CharProperty.match(Ljava/util/regex/Matcher;ILjava/lang/CharSequence;)Z @ 37
Event: 2.374 Thread 0x000000000212d800 Uncommon trap: reason=unstable_if action=reinterpret pc=0x000000000321f23c method=org.codehaus.plexus.classworlds.realm.Entry.matches(Ljava/lang/String;)Z @ 20
Event: 2.382 Thread 0x000000000212d800 Uncommon trap: reason=unstable_if action=reinterpret pc=0x0000000002ae4bd8 method=java.util.HashMap.hash(Ljava/lang/Object;)I @ 1

Internal exceptions (10 events):
Event: 0.962 Thread 0x000000000212d800 Exception <a 'java/lang/NullPointerException'> (0x00000000d6357de0) thrown at [C:\re\workspace\8-2-build-windows-amd64-cygwin\jdk8u111\7883\hotspot\src\share\vm\interpreter\linkResolver.cpp, line 1178]
Event: 0.962 Thread 0x000000000212d800 Exception <a 'java/lang/NullPointerException'> (0x00000000d636f768) thrown at [C:\re\workspace\8-2-build-windows-amd64-cygwin\jdk8u111\7883\hotspot\src\share\vm\interpreter\linkResolver.cpp, line 1178]
Event: 0.962 Thread 0x000000000212d800 Exception <a 'java/lang/NullPointerException'> (0x00000000d636f980) thrown at [C:\re\workspace\8-2-build-windows-amd64-cygwin\jdk8u111\7883\hotspot\src\share\vm\interpreter\linkResolver.cpp, line 1178]
Event: 0.962 Thread 0x000000000212d800 Exception <a 'java/lang/NullPointerException'> (0x00000000d636fb98) thrown at [C:\re\workspace\8-2-build-windows-amd64-cygwin\jdk8u111\7883\hotspot\src\share\vm\interpreter\linkResolver.cpp, line 1178]
Event: 1.115 Thread 0x000000000212d800 Implicit null exception at 0x0000000002b3ae95 to 0x0000000002b3b06d
Event: 1.115 Thread 0x000000000212d800 Implicit null exception at 0x0000000002a61fef to 0x0000000002a62059
Event: 1.183 Thread 0x000000000212d800 Implicit null exception at 0x0000000002dc41a0 to 0x0000000002dc52fd
Event: 2.017 Thread 0x000000000212d800 Implicit null exception at 0x000000000310f7db to 0x0000000003110ab9
Event: 2.018 Thread 0x000000000212d800 Implicit null exception at 0x0000000003124241 to 0x0000000003125369
Event: 2.382 Thread 0x000000000212d800 Implicit null exception at 0x0000000002ae453b to 0x0000000002ae4bbd

Events (10 events):
Event: 2.699 loading class org/codehaus/plexus/interpolation/util/StringUtils
Event: 2.699 loading class org/codehaus/plexus/interpolation/util/StringUtils done
Event: 2.699 loading class org/codehaus/plexus/interpolation/util/StringUtils
Event: 2.699 loading class org/codehaus/plexus/interpolation/util/StringUtils done
Event: 2.705 loading class org/apache/maven/plugin/war/util/WarUtils
Event: 2.705 loading class org/apache/maven/plugin/war/util/WarUtils done
Event: 2.705 loading class org/apache/maven/plugin/war/util/WarUtils
Event: 2.705 loading class org/apache/maven/plugin/war/util/WarUtils done
Event: 2.705 loading class org/apache/maven/plugin/war/util/WarUtils
Event: 2.705 loading class org/apache/maven/plugin/war/util/WarUtils done


Dynamic libraries:
0x00007ff6901d0000 - 0x00007ff690207000 	D:\Program Files\Java\jdk1.8\bin\javaw.exe
0x00007ffec38f0000 - 0x00007ffec3ab1000 	C:\windows\SYSTEM32\ntdll.dll
0x00007ffec3610000 - 0x00007ffec36bd000 	C:\windows\system32\KERNEL32.DLL
0x00007ffec00e0000 - 0x00007ffec02c8000 	C:\windows\system32\KERNELBASE.dll
0x00007ffec0e50000 - 0x00007ffec0ef7000 	C:\windows\system32\ADVAPI32.dll
0x00007ffec0f00000 - 0x00007ffec0f9d000 	C:\windows\system32\msvcrt.dll
0x00007ffec19a0000 - 0x00007ffec19fb000 	C:\windows\system32\sechost.dll
0x00007ffec17c0000 - 0x00007ffec18dc000 	C:\windows\system32\RPCRT4.dll
0x00007ffec0cf0000 - 0x00007ffec0e46000 	C:\windows\system32\USER32.dll
0x00007ffec3480000 - 0x00007ffec3606000 	C:\windows\system32\GDI32.dll
0x00007ffeb2580000 - 0x00007ffeb27f4000 	C:\windows\WinSxS\amd64_microsoft.windows.common-controls_6595b64144ccf1df_6.0.10586.0_none_8c15ae12515e1c22\COMCTL32.dll
0x00007ffec1af0000 - 0x00007ffec1d6d000 	C:\windows\system32\combase.dll
0x00007ffec0bd0000 - 0x00007ffec0c3a000 	C:\windows\system32\bcryptPrimitives.dll
0x00007ffec15b0000 - 0x00007ffec15eb000 	C:\windows\system32\IMM32.DLL
0x0000000074b60000 - 0x0000000074c32000 	D:\Program Files\Java\jdk1.8\jre\bin\msvcr100.dll
0x00000000742c0000 - 0x0000000074b5a000 	D:\Program Files\Java\jdk1.8\jre\bin\server\jvm.dll
0x00007ffec3790000 - 0x00007ffec3798000 	C:\windows\system32\PSAPI.DLL
0x00007ffebcb90000 - 0x00007ffebcb99000 	C:\windows\SYSTEM32\WSOCK32.dll
0x00007ffebbd20000 - 0x00007ffebbd2a000 	C:\windows\SYSTEM32\VERSION.dll
0x00007ffebe500000 - 0x00007ffebe523000 	C:\windows\SYSTEM32\WINMM.dll
0x00007ffec1a10000 - 0x00007ffec1a7b000 	C:\windows\system32\WS2_32.dll
0x00000000020b0000 - 0x00000000020dc000 	C:\windows\SYSTEM32\WINMMBASE.dll
0x00007ffec09b0000 - 0x00007ffec09f3000 	C:\windows\system32\cfgmgr32.dll
0x00000000742b0000 - 0x00000000742bf000 	D:\Program Files\Java\jdk1.8\jre\bin\verify.dll
0x0000000074280000 - 0x00000000742a9000 	D:\Program Files\Java\jdk1.8\jre\bin\java.dll
0x0000000074260000 - 0x0000000074276000 	D:\Program Files\Java\jdk1.8\jre\bin\zip.dll
0x00007ffec1f20000 - 0x00007ffec347c000 	C:\windows\system32\SHELL32.dll
0x00007ffec02d0000 - 0x00007ffec0915000 	C:\windows\system32\windows.storage.dll
0x00007ffec15f0000 - 0x00007ffec1642000 	C:\windows\system32\shlwapi.dll
0x00007ffebff80000 - 0x00007ffebff8f000 	C:\windows\system32\kernel.appcore.dll
0x00007ffec0000000 - 0x00007ffec00b5000 	C:\windows\system32\shcore.dll
0x00007ffebff30000 - 0x00007ffebff7b000 	C:\windows\system32\powrprof.dll
0x00007ffebff10000 - 0x00007ffebff24000 	C:\windows\system32\profapi.dll
0x0000000074230000 - 0x000000007424a000 	D:\Program Files\Java\jdk1.8\jre\bin\net.dll
0x00007ffebf810000 - 0x00007ffebf86c000 	C:\windows\system32\mswsock.dll
0x0000000074210000 - 0x0000000074221000 	D:\Program Files\Java\jdk1.8\jre\bin\nio.dll

VM Arguments:
jvm_args: -Dmaven.home=EMBEDDED -Dclassworlds.conf=D:\git\.metadata\.plugins\org.eclipse.m2e.launching\launches\m2conf844489270086321085.tmp -Dmaven.multiModuleProjectDirectory=D:\git\yiya\workspace\bbyiya-pic -Dfile.encoding=GBK 
java_command: org.codehaus.plexus.classworlds.launcher.Launcher -B -gs D:\Program Files\Java\apache-maven-3.3.9\conf\settings.xml -s D:\Program Files\Java\apache-maven-3.3.9\conf\settings.xml install
java_class_path (initial): /D:/软件包/编程软件/eclipse/plugins/org.eclipse.m2e.maven.runtime_1.7.0.20160603-1931/jars/plexus-classworlds-2.5.2.jar
Launcher Type: SUN_STANDARD

Environment Variables:
JAVA_HOME=D:\Program Files\Java\jdk1.8
CLASSPATH=D:\Program Files\Java\jdk1.8\lib;D:\Program Files\Java\jdk1.8\lib\tools.jar
PATH=D:/Program Files/Java/jre/bin/server;D:/Program Files/Java/jre/bin;D:/Program Files/Java/jre/lib/amd64;C:\ProgramData\Oracle\Java\javapath;C:\windows\system32;C:\windows;C:\windows\System32\Wbem;C:\windows\System32\WindowsPowerShell\v1.0\;D:\Program Files\Java\jdk1.8\bin;D:\Program Files\Java\tomcat-8.0\bin;D:\Program Files\Java\tomcat-8.0\lib;D:\Program Files\Java\apache-maven-3.3.9\bin;C:\strawberry\c\bin;C:\strawberry\perl\bin;D:\软件包\编程软件\eclipse;
USERNAME=Administrator
OS=Windows_NT
PROCESSOR_IDENTIFIER=Intel64 Family 6 Model 94 Stepping 3, GenuineIntel



---------------  S Y S T E M  ---------------

OS: Windows 10.0 , 64 bit Build 10586 (10.0.10586.0)

CPU:total 8 (4 cores per cpu, 2 threads per core) family 6 model 94 stepping 3, cmov, cx8, fxsr, mmx, sse, sse2, sse3, ssse3, sse4.1, sse4.2, popcnt, avx, avx2, aes, clmul, erms, rtm, 3dnowpref, lzcnt, ht, tsc, tscinvbit, bmi1, bmi2, adx

Memory: 4k page, physical 8307120k(790064k free), swap 12501424k(5852k free)

vm_info: Java HotSpot(TM) 64-Bit Server VM (25.111-b14) for windows-amd64 JRE (1.8.0_111-b14), built on Sep 22 2016 19:24:05 by "java_re" with MS VC++ 10.0 (VS2010)

time: Mon Feb 20 20:19:49 2017
elapsed time: 2 seconds (0d 0h 0m 2s)

